sample.interval=20000
"is.na" "r2j" 
".Call" "r2j" 
"is.na" "r2j" 
".Call" "r2j" 
"is.na" "r2j" 
"is.na" "r2j" 
"is.na" "r2j" 
".Call" "r2j" 
"is.na" "r2j" 
".Call" "r2j" 
"is.na" "r2j" 
"is.na" "r2j" 
".Call" "r2j" 
"r2j" 
"is.na" "r2j" 
".Call" "r2j" 
".Call" "r2j" 
"is.na" "r2j" 
".Call" "r2j" 
".Call" "r2j" 
"is.na" "r2j" 
"is.na" "r2j" 
".Call" "r2j" 
"is.na" "r2j" 
".Call" "r2j" 
".Call" "r2j" 
"is.na" "r2j" 
".Call" "r2j" 
"is.na" "r2j" 
".Call" "r2j" 
"is.na" "r2j" 
".Call" "r2j" 
"is.na" "r2j" 
".Call" "r2j" 
".Call" "r2j" 
".Call" "r2j" 
".Call" "r2j" 
".Call" "r2j" 
".Call" "r2j" 
"is.na" "r2j" 
"is.na" "r2j" 
"is.na" "r2j" 
".Call" "r2j" 
".Call" "r2j" 
".Call" "r2j" 
"is.na" "r2j" 
"is.na" "r2j" 
".Call" "r2j" 
".Call" "r2j" 
".Call" "r2j" 
".Call" "r2j" 
".Call" "r2j" 
"is.na" "r2j" 
"is.na" "r2j" 
".Call" "isJuliaOk" ".julia_init_if_necessary" "r2j" 
".Call" "r2j" 
".Call" "r2j" 
".Call" "r2j" 
"is.na" "r2j" 
"is.na" "r2j" 
".Call" "r2j" 
"is.na" "r2j" 
".Call" "r2j" 
"is.na" "r2j" 
"is.na" "r2j" 
".Call" "r2j" 
"is.na" "r2j" 
".Call" "r2j" 
".Call" "r2j" 
"is.na" "r2j" 
".Call" "r2j" 
"is.na" "r2j" 
".Call" "r2j" 
"is.na" "r2j" 
".Call" "r2j" 
".Call" "r2j" 
"is.na" "r2j" 
".Call" "r2j" 
".Call" "r2j" 
".Call" "r2j" 
".Call" "r2j" 
"is.na" "r2j" 
"is.na" "r2j" 
".Call" "r2j" 
".Call" "r2j" 
".Call" "r2j" 
"is.na" "r2j" 
